Using pre-set license
Built from '2022.3/china_unity/release' branch; Version is '2022.3.29f1c1 (b29dfeddd060) revision 11705854'; Using compiler version '192829333'; Build Type 'Release'
OS: 'Windows 11  (10.0.22631) 64bit CoreCountrySpecific' Language: 'zh' Physical Memory: 16064 MB
BatchMode: 1, IsHumanControllingUs: 0, StartBugReporterOnCrash: 0, Is64bit: 1, IsPro: 1

COMMAND LINE ARGUMENTS:
D:\Game Design\Unity\Unity All\Unity Dall1\2022.3.29f1c1\Editor\Unity.exe
-adb2
-batchMode
-noUpm
-name
AssetImportWorker4
-projectPath
D:/Game Design/Unity/Unity Project/Fanren_UI
-logFile
Logs/AssetImportWorker4.log
-srvPort
61680
Successfully changed project path to: D:/Game Design/Unity/Unity Project/Fanren_UI
D:/Game Design/Unity/Unity Project/Fanren_UI
[UnityMemory] Configuration Parameters - Can be set up in boot.config
    "memorysetup-bucket-allocator-granularity=16"
    "memorysetup-bucket-allocator-bucket-count=8"
    "memorysetup-bucket-allocator-block-size=33554432"
    "memorysetup-bucket-allocator-block-count=8"
    "memorysetup-main-allocator-block-size=16777216"
    "memorysetup-thread-allocator-block-size=16777216"
    "memorysetup-gfx-main-allocator-block-size=16777216"
    "memorysetup-gfx-thread-allocator-block-size=16777216"
    "memorysetup-cache-allocator-block-size=4194304"
    "memorysetup-typetree-allocator-block-size=2097152"
    "memorysetup-profiler-bucket-allocator-granularity=16"
    "memorysetup-profiler-bucket-allocator-bucket-count=8"
    "memorysetup-profiler-bucket-allocator-block-size=33554432"
    "memorysetup-profiler-bucket-allocator-block-count=8"
    "memorysetup-profiler-allocator-block-size=16777216"
    "memorysetup-profiler-editor-allocator-block-size=1048576"
    "memorysetup-temp-allocator-size-main=16777216"
    "memorysetup-job-temp-allocator-block-size=2097152"
    "memorysetup-job-temp-allocator-block-size-background=1048576"
    "memorysetup-job-temp-allocator-reduction-small-platforms=262144"
    "memorysetup-allocator-temp-initial-block-size-main=262144"
    "memorysetup-allocator-temp-initial-block-size-worker=262144"
    "memorysetup-temp-allocator-size-background-worker=32768"
    "memorysetup-temp-allocator-size-job-worker=262144"
    "memorysetup-temp-allocator-size-preload-manager=33554432"
    "memorysetup-temp-allocator-size-nav-mesh-worker=65536"
    "memorysetup-temp-allocator-size-audio-worker=65536"
    "memorysetup-temp-allocator-size-cloud-worker=32768"
    "memorysetup-temp-allocator-size-gi-baking-worker=262144"
    "memorysetup-temp-allocator-size-gfx=262144"
Player connection [54552] Host "[IP] 169.254.47.55 [Port] 0 [Flags] 2 [Guid] 1076620534 [EditorId] 1076620534 [Version] 1048832 [Id] WindowsEditor(7,Hacker) [Debug] 1 [PackageName] WindowsEditor [ProjectName] Editor" joined multi-casting on [225.0.0.222:54997]...

Player connection [54552] Host "[IP] 169.254.47.55 [Port] 0 [Flags] 2 [Guid] 1076620534 [EditorId] 1076620534 [Version] 1048832 [Id] WindowsEditor(7,Hacker) [Debug] 1 [PackageName] WindowsEditor [ProjectName] Editor" joined alternative multi-casting on [225.0.0.222:34997]...

[Physics::Module] Initialized MultithreadedJobDispatcher with 31 workers.
Refreshing native plugins compatible for Editor in 13.90 ms, found 3 plugins.
Preloading 0 native plugins for Editor in 0.00 ms.
Initialize engine version: 2022.3.29f1c1 (b29dfeddd060)
[Subsystems] Discovering subsystems at path D:/Game Design/Unity/Unity All/Unity Dall1/2022.3.29f1c1/Editor/Data/Resources/UnitySubsystems
[Subsystems] Discovering subsystems at path D:/Game Design/Unity/Unity Project/Fanren_UI/Assets
GfxDevice: creating device client; threaded=0; jobified=0
Direct3D:
    Version:  Direct3D 11.0 [level 11.1]
    Renderer: NVIDIA GeForce RTX 4060 Laptop GPU (ID=0x28e0)
    Vendor:   NVIDIA
    VRAM:     7957 MB
    Driver:   32.0.15.5599
Initialize mono
Mono path[0] = 'D:/Game Design/Unity/Unity All/Unity Dall1/2022.3.29f1c1/Editor/Data/Managed'
Mono path[1] = 'D:/Game Design/Unity/Unity All/Unity Dall1/2022.3.29f1c1/Editor/Data/MonoBleedingEdge/lib/mono/unityjit-win32'
Mono config path = 'D:/Game Design/Unity/Unity All/Unity Dall1/2022.3.29f1c1/Editor/Data/MonoBleedingEdge/etc'
Using monoOptions --debugger-agent=transport=dt_socket,embedding=1,server=y,suspend=n,address=127.0.0.1:56304
Begin MonoManager ReloadAssembly
Registering precompiled unity dll's ...
Register platform support module: D:/Game Design/Unity/Unity All/Unity Dall1/2022.3.29f1c1/Editor/Data/PlaybackEngines/AndroidPlayer/UnityEditor.Android.Extensions.dll
Register platform support module: D:/Game Design/Unity/Unity All/Unity Dall1/2022.3.29f1c1/Editor/Data/PlaybackEngines/iOSSupport/UnityEditor.iOS.Extensions.dll
Register platform support module: D:/Game Design/Unity/Unity All/Unity Dall1/2022.3.29f1c1/Editor/Data/PlaybackEngines/WindowsStandaloneSupport/UnityEditor.WindowsStandalone.Extensions.dll
Registered in 0.015752 seconds.
- Loaded All Assemblies, in  0.378 seconds
Native extension for WindowsStandalone target not found
[usbmuxd] Start listen thread
[usbmuxd] Listen thread started
Native extension for iOS target not found
Native extension for Android target not found
Android Extension - Scanning For ADB Devices 446 ms
Mono: successfully reloaded assembly
- Finished resetting the current domain, in  0.722 seconds
Domain Reload Profiling: 1090ms
	BeginReloadAssembly (152ms)
		ExecutionOrderSort (0ms)
		DisableScriptedObjects (0ms)
		BackupInstance (0ms)
		ReleaseScriptingObjects (0ms)
		CreateAndSetChildDomain (0ms)
	RebuildCommonClasses (23ms)
	RebuildNativeTypeToScriptingClass (7ms)
	initialDomainReloadingComplete (67ms)
	LoadAllAssembliesAndSetupDomain (119ms)
		LoadAssemblies (151ms)
		RebuildTransferFunctionScriptingTraits (0ms)
		AnalyzeDomain (115ms)
			TypeCache.Refresh (113ms)
				TypeCache.ScanAssembly (102ms)
			ScanForSourceGeneratedMonoScriptInfo (0ms)
			ResolveRequiredComponents (0ms)
	FinalizeReload (722ms)
		ReleaseScriptCaches (0ms)
		RebuildScriptCaches (0ms)
		SetupLoadedEditorAssemblies (675ms)
			LogAssemblyErrors (0ms)
			InitializePlatformSupportModulesInManaged (553ms)
			SetLoadedEditorAssemblies (3ms)
			RefreshPlugins (0ms)
			BeforeProcessingInitializeOnLoad (2ms)
			ProcessInitializeOnLoadAttributes (82ms)
			ProcessInitializeOnLoadMethodAttributes (36ms)
			AfterProcessingInitializeOnLoad (0ms)
			EditorAssembliesLoaded (0ms)
		ExecutionOrderSort2 (0ms)
		AwakeInstancesAfterBackupRestoration (0ms)
========================================================================
Worker process is ready to serve import requests
Begin MonoManager ReloadAssembly
- Loaded All Assemblies, in  1.759 seconds
Refreshing native plugins compatible for Editor in 7.11 ms, found 3 plugins.
Native extension for WindowsStandalone target not found
Native extension for iOS target not found
Native extension for Android target not found
Package Manager log level set to [2]
[Package Manager] Server::EnsureServerProcessIsRunning -- launch failed, reason: Unity was launched with the -noUpm command-line argument
[Package Manager] UpmClient::Send -- Unable to send message (not connected to UPM process).
[Package Manager] Cannot connect to Unity Package Manager local server
Mono: successfully reloaded assembly
- Finished resetting the current domain, in  0.511 seconds
Domain Reload Profiling: 2252ms
	BeginReloadAssembly (562ms)
		ExecutionOrderSort (0ms)
		DisableScriptedObjects (4ms)
		BackupInstance (0ms)
		ReleaseScriptingObjects (0ms)
		CreateAndSetChildDomain (24ms)
	RebuildCommonClasses (24ms)
	RebuildNativeTypeToScriptingClass (7ms)
	initialDomainReloadingComplete (59ms)
	LoadAllAssembliesAndSetupDomain (1088ms)
		LoadAssemblies (923ms)
		RebuildTransferFunctionScriptingTraits (0ms)
		AnalyzeDomain (667ms)
			TypeCache.Refresh (652ms)
				TypeCache.ScanAssembly (637ms)
			ScanForSourceGeneratedMonoScriptInfo (10ms)
			ResolveRequiredComponents (3ms)
	FinalizeReload (511ms)
		ReleaseScriptCaches (0ms)
		RebuildScriptCaches (0ms)
		SetupLoadedEditorAssemblies (387ms)
			LogAssemblyErrors (0ms)
			InitializePlatformSupportModulesInManaged (42ms)
			SetLoadedEditorAssemblies (4ms)
			RefreshPlugins (0ms)
			BeforeProcessingInitializeOnLoad (73ms)
			ProcessInitializeOnLoadAttributes (237ms)
			ProcessInitializeOnLoadMethodAttributes (13ms)
			AfterProcessingInitializeOnLoad (18ms)
			EditorAssembliesLoaded (0ms)
		ExecutionOrderSort2 (0ms)
		AwakeInstancesAfterBackupRestoration (9ms)
database is locked
database is locked
Launched and connected shader compiler UnityShaderCompiler.exe after 0.12 seconds
Refreshing native plugins compatible for Editor in 8.60 ms, found 3 plugins.
Preloading 0 native plugins for Editor in 0.00 ms.
Unloading 3095 Unused Serialized files (Serialized files now loaded: 0)
Unloading 33 unused Assets / (57.6 KB). Loaded Objects now: 3559.
Memory consumption went from 125.7 MB to 125.7 MB.
Total: 2.850600 ms (FindLiveObjects: 0.309600 ms CreateObjectMapping: 0.052100 ms MarkObjects: 2.374200 ms  DeleteObjects: 0.113900 ms)

AssetImportParameters requested are different than current active one (requested -> active):
  custom:container-demuxer-ogg: 62fdf1f143b41e24485cea50d1cbac27 -> 
  custom:video-codec-MediaFoundation-h265: 746d11721c4dcdbdad8f713fa42b33f4 -> 
  custom:video-decoder-ogg-theora: a1e56fd34408186e4bbccfd4996cb3dc -> 
  custom:framework-win-MediaFoundation: 216162199b28c13a410421893ffa2e32 -> 
  custom:CustomObjectIndexerAttribute: 9a22284fe3817be447336de3de66b15e -> 
  custom:container-demuxer-webm: 4f35f7cbe854078d1ac9338744f61a02 -> 
  custom:container-muxer-webm: aa71ff27fc2769a1b78a27578f13a17b -> 
  custom:video-decoder-webm-vp8: 9c59270c3fd7afecdb556c50c9e8de78 -> 
  custom:SearchIndexIgnoredProperties: e643bd26f0fe6173181afceb89e7c659 -> 
  custom:AudioImporter_EditorPlatform: d09bf68614088b80899f8185d706f6e7 -> 
  custom:video-encoder-webm-vp8: eb34c28f22e8b96e1ab97ce403110664 -> 
  custom:audio-decoder-ogg-vorbis: bf7c407c2cedff20999df2af8eb42d56 -> 
  custom:audio-encoder-webm-vorbis: bf7c407c2cedff20999df2af8eb42d56 -> 
========================================================================
Received Import Request.
  Time since last request: 29701.896500 seconds.
  path: Assets/Sprites/Icons/Cactus.png
  artifactKey: Guid(6499419283a624b42a21c77e5b4c9ac1) Importer(815301076,1909f56bfc062723c751e8b465ee728b)
Start importing Assets/Sprites/Icons/Cactus.png using Guid(6499419283a624b42a21c77e5b4c9ac1) Importer(815301076,1909f56bfc062723c751e8b465ee728b)  -> (artifact id: '0cd2f640c8a5d32ec1d45c5059e2dda9') in 0.063330 seconds
Number of updated asset objects reloaded before import = 0
Number of asset objects unloaded after import = 3
========================================================================
Received Import Request.
  Time since last request: 0.554208 seconds.
  path: Assets/Sprites/Icons/Chair.png
  artifactKey: Guid(ffaf28bf369d13a429805791f2c18bd5) Importer(815301076,1909f56bfc062723c751e8b465ee728b)
Start importing Assets/Sprites/Icons/Chair.png using Guid(ffaf28bf369d13a429805791f2c18bd5) Importer(815301076,1909f56bfc062723c751e8b465ee728b)  -> (artifact id: '54b7c329882da3ddc7683c9ff45a6675') in 0.009383 seconds
Number of updated asset objects reloaded before import = 0
Number of asset objects unloaded after import = 3
========================================================================
Received Import Request.
  Time since last request: 2.080782 seconds.
  path: Assets/Sprites/Icons/chicken.png
  artifactKey: Guid(3fc9ce950b1c52945adb48584593e8d1) Importer(815301076,1909f56bfc062723c751e8b465ee728b)
Start importing Assets/Sprites/Icons/chicken.png using Guid(3fc9ce950b1c52945adb48584593e8d1) Importer(815301076,1909f56bfc062723c751e8b465ee728b)  -> (artifact id: '89885f487d5de44ff5afeb7248bdafb1') in 0.007989 seconds
Number of updated asset objects reloaded before import = 0
Number of asset objects unloaded after import = 3
========================================================================
Received Import Request.
  Time since last request: 0.134787 seconds.
  path: Assets/Sprites/UI/CircleBlur.png
  artifactKey: Guid(41a685ca9d77b0647abcd1cc6145498b) Importer(815301076,1909f56bfc062723c751e8b465ee728b)
Start importing Assets/Sprites/UI/CircleBlur.png using Guid(41a685ca9d77b0647abcd1cc6145498b) Importer(815301076,1909f56bfc062723c751e8b465ee728b)  -> (artifact id: '9441ae858dffb7312f7169024da8db09') in 0.007315 seconds
Number of updated asset objects reloaded before import = 0
Number of asset objects unloaded after import = 3
========================================================================
Received Import Request.
  Time since last request: 0.395989 seconds.
  path: Assets/Sprites/UI/clock_fill.png
  artifactKey: Guid(1a4ed1799bddd50499e7ee2d316b0d0e) Importer(815301076,1909f56bfc062723c751e8b465ee728b)
Start importing Assets/Sprites/UI/clock_fill.png using Guid(1a4ed1799bddd50499e7ee2d316b0d0e) Importer(815301076,1909f56bfc062723c751e8b465ee728b)  -> (artifact id: 'c8d3d0bcbdce750f4bdd6cce591739b9') in 0.007595 seconds
Number of updated asset objects reloaded before import = 0
Number of asset objects unloaded after import = 3
========================================================================
Received Import Request.
  Time since last request: 0.089890 seconds.
  path: Assets/Sprites/Icons/compass2.png
  artifactKey: Guid(4c4f1c045b5eb574c96f702d3600d33e) Importer(815301076,1909f56bfc062723c751e8b465ee728b)
Start importing Assets/Sprites/Icons/compass2.png using Guid(4c4f1c045b5eb574c96f702d3600d33e) Importer(815301076,1909f56bfc062723c751e8b465ee728b)  -> (artifact id: 'd84daad55ade287a45b70ba861b4d2d2') in 0.008075 seconds
Number of updated asset objects reloaded before import = 0
Number of asset objects unloaded after import = 3
========================================================================
Received Import Request.
  Time since last request: 0.126488 seconds.
  path: Assets/Sprites/Icons/Corn Plant.png
  artifactKey: Guid(6f00adb9d6917ff4f8abb7820cb9dac1) Importer(815301076,1909f56bfc062723c751e8b465ee728b)
Start importing Assets/Sprites/Icons/Corn Plant.png using Guid(6f00adb9d6917ff4f8abb7820cb9dac1) Importer(815301076,1909f56bfc062723c751e8b465ee728b)  -> (artifact id: '33954ed94b7e5ba68d82e01a3e23c147') in 0.008283 seconds
Number of updated asset objects reloaded before import = 0
Number of asset objects unloaded after import = 3
========================================================================
Received Import Request.
  Time since last request: 0.550552 seconds.
  path: Assets/Sprites/UI/Craft_button.png
  artifactKey: Guid(aa951da94804f5944837d9f78dbed261) Importer(815301076,1909f56bfc062723c751e8b465ee728b)
Start importing Assets/Sprites/UI/Craft_button.png using Guid(aa951da94804f5944837d9f78dbed261) Importer(815301076,1909f56bfc062723c751e8b465ee728b)  -> (artifact id: '4b6468016dea648351ffe2bc4e51c120') in 0.008811 seconds
Number of updated asset objects reloaded before import = 0
Number of asset objects unloaded after import = 3
========================================================================
Received Import Request.
  Time since last request: 0.027759 seconds.
  path: Assets/Sprites/FX/DamageFX.png
  artifactKey: Guid(2e08f122ea0a39946b5599dafcd736e5) Importer(815301076,1909f56bfc062723c751e8b465ee728b)
Start importing Assets/Sprites/FX/DamageFX.png using Guid(2e08f122ea0a39946b5599dafcd736e5) Importer(815301076,1909f56bfc062723c751e8b465ee728b)  -> (artifact id: '270603c4eac0e3df4081b105312062eb') in 0.010891 seconds
Number of updated asset objects reloaded before import = 0
Number of asset objects unloaded after import = 3
========================================================================
Received Import Request.
  Time since last request: 0.535743 seconds.
  path: Assets/Sprites/Icons/dog.png
  artifactKey: Guid(fa720a90b6a05df47a2ae1147ccb6e53) Importer(815301076,1909f56bfc062723c751e8b465ee728b)
Start importing Assets/Sprites/Icons/dog.png using Guid(fa720a90b6a05df47a2ae1147ccb6e53) Importer(815301076,1909f56bfc062723c751e8b465ee728b)  -> (artifact id: '94a9e5d135c078a3d37eea1e5193b385') in 0.008400 seconds
Number of updated asset objects reloaded before import = 0
Number of asset objects unloaded after import = 3
========================================================================
Received Import Request.
  Time since last request: 0.041230 seconds.
  path: Assets/Sprites/Icons/FarmerBoyFork.png
  artifactKey: Guid(3907a0ef4b5b89245ab0321cd25f2207) Importer(815301076,1909f56bfc062723c751e8b465ee728b)
Start importing Assets/Sprites/Icons/FarmerBoyFork.png using Guid(3907a0ef4b5b89245ab0321cd25f2207) Importer(815301076,1909f56bfc062723c751e8b465ee728b)  -> (artifact id: 'd5c838ab2617a38a1f14295c3dd476a2') in 0.012695 seconds
Number of updated asset objects reloaded before import = 0
Number of asset objects unloaded after import = 3
========================================================================
Received Import Request.
  Time since last request: 0.207959 seconds.
  path: Assets/Sprites/Icons/Fencegate.png
  artifactKey: Guid(b07dea23f16108c47b34e8ab8fd52ed4) Importer(815301076,1909f56bfc062723c751e8b465ee728b)
Start importing Assets/Sprites/Icons/Fencegate.png using Guid(b07dea23f16108c47b34e8ab8fd52ed4) Importer(815301076,1909f56bfc062723c751e8b465ee728b)  -> (artifact id: '46ec8838d7a176e538a52c68a4c81435') in 0.009194 seconds
Number of updated asset objects reloaded before import = 0
Number of asset objects unloaded after import = 3
========================================================================
Received Import Request.
  Time since last request: 0.428716 seconds.
  path: Assets/Sprites/UI/fill_yellow.png
  artifactKey: Guid(cebaccf491390ff49b4c607abb6e22d9) Importer(815301076,1909f56bfc062723c751e8b465ee728b)
Start importing Assets/Sprites/UI/fill_yellow.png using Guid(cebaccf491390ff49b4c607abb6e22d9) Importer(815301076,1909f56bfc062723c751e8b465ee728b)  -> (artifact id: 'f7dd7e1e1350b393dc1e0c25639cfc6c') in 0.007046 seconds
Number of updated asset objects reloaded before import = 0
Number of asset objects unloaded after import = 3
========================================================================
Received Import Request.
  Time since last request: 0.162256 seconds.
  path: Assets/Sprites/Icons/Fish N Chips.png
  artifactKey: Guid(9359ac07c52e1de44acad9dad69b1eb3) Importer(815301076,1909f56bfc062723c751e8b465ee728b)
Start importing Assets/Sprites/Icons/Fish N Chips.png using Guid(9359ac07c52e1de44acad9dad69b1eb3) Importer(815301076,1909f56bfc062723c751e8b465ee728b)  -> (artifact id: 'c15d072013aba22d39b2c4217b51b0e8') in 0.007603 seconds
Number of updated asset objects reloaded before import = 0
Number of asset objects unloaded after import = 3
Editor requested this worker to shutdown with reason: Scaling down because of idle timeout
TcpMessagingSession - receive error: operation aborted. errorcode: 995, details: 由于线程退出或应用程序请求，已中止 I/O 操作。
AssetImportWorker is now disconnected from the server
Process exiting
Exiting without the bug reporter. Application will terminate with return code 0